#! /usr/bin/vvp
:ivl_version "11.0 (stable)";
:ivl_delay_selection "TYPICAL";
:vpi_time_precision - 12;
:vpi_module "/usr/lib/x86_64-linux-gnu/ivl/system.vpi";
:vpi_module "/usr/lib/x86_64-linux-gnu/ivl/vhdl_sys.vpi";
:vpi_module "/usr/lib/x86_64-linux-gnu/ivl/vhdl_textio.vpi";
:vpi_module "/usr/lib/x86_64-linux-gnu/ivl/v2005_math.vpi";
:vpi_module "/usr/lib/x86_64-linux-gnu/ivl/va_math.vpi";
S_0x56ea5ee1acf0 .scope module, "tb_traffic_light" "tb_traffic_light" 2 5;
 .timescale -9 -12;
P_0x56ea5ee53b90 .param/l "CLK_PERIOD" 0 2 25, +C4<00000000000000000000000000001010>;
v0x56ea5ee7d280_0 .var "clk", 0 0;
v0x56ea5ee7d340_0 .net "ew_g", 0 0, L_0x56ea5ee7dad0;  1 drivers
v0x56ea5ee7d3e0_0 .net "ew_r", 0 0, L_0x56ea5ee7dc80;  1 drivers
v0x56ea5ee7d4e0_0 .net "ew_y", 0 0, L_0x56ea5ee7dbc0;  1 drivers
v0x56ea5ee7d5b0_0 .net "ns_g", 0 0, L_0x56ea5ee495f0;  1 drivers
v0x56ea5ee7d650_0 .net "ns_r", 0 0, L_0x56ea5ee49eb0;  1 drivers
v0x56ea5ee7d720_0 .net "ns_y", 0 0, L_0x56ea5ee49c60;  1 drivers
v0x56ea5ee7d7f0_0 .var "rst", 0 0;
v0x56ea5ee7d8c0_0 .var "tick", 0 0;
v0x56ea5ee7d990_0 .var/i "tick_gen_counter", 31 0;
S_0x56ea5ee1aed0 .scope module, "dut" "traffic_light" 2 16, 3 1 0, S_0x56ea5ee1acf0;
 .timescale -9 -12;
    .port_info 0 /INPUT 1 "clk";
    .port_info 1 /INPUT 1 "rst";
    .port_info 2 /INPUT 1 "tick";
    .port_info 3 /OUTPUT 1 "ns_g";
    .port_info 4 /OUTPUT 1 "ns_y";
    .port_info 5 /OUTPUT 1 "ns_r";
    .port_info 6 /OUTPUT 1 "ew_g";
    .port_info 7 /OUTPUT 1 "ew_y";
    .port_info 8 /OUTPUT 1 "ew_r";
P_0x56ea5ee5f980 .param/l "EW_GREEN" 0 3 12, C4<10>;
P_0x56ea5ee5f9c0 .param/l "EW_YELLOW" 0 3 13, C4<11>;
P_0x56ea5ee5fa00 .param/l "GREEN_TICKS" 0 3 16, +C4<00000000000000000000000000000101>;
P_0x56ea5ee5fa40 .param/l "NS_GREEN" 0 3 10, C4<00>;
P_0x56ea5ee5fa80 .param/l "NS_YELLOW" 0 3 11, C4<01>;
P_0x56ea5ee5fac0 .param/l "YELLOW_TICKS" 0 3 17, +C4<00000000000000000000000000000010>;
L_0x56ea5ee495f0 .functor BUFZ 1, v0x56ea5ee7cb40_0, C4<0>, C4<0>, C4<0>;
L_0x56ea5ee49c60 .functor BUFZ 1, v0x56ea5ee7ce40_0, C4<0>, C4<0>, C4<0>;
L_0x56ea5ee49eb0 .functor BUFZ 1, v0x56ea5ee7ccc0_0, C4<0>, C4<0>, C4<0>;
L_0x56ea5ee7dad0 .functor BUFZ 1, v0x56ea5ee49dc0_0, C4<0>, C4<0>, C4<0>;
L_0x56ea5ee7dbc0 .functor BUFZ 1, v0x56ea5ee7c8e0_0, C4<0>, C4<0>, C4<0>;
L_0x56ea5ee7dc80 .functor BUFZ 1, v0x56ea5ee7c760_0, C4<0>, C4<0>, C4<0>;
v0x56ea5ee54910_0 .net "clk", 0 0, v0x56ea5ee7d280_0;  1 drivers
v0x56ea5ee54790_0 .var "current_state", 1 0;
v0x56ea5ee49790_0 .net "ew_g", 0 0, L_0x56ea5ee7dad0;  alias, 1 drivers
v0x56ea5ee49dc0_0 .var "ew_g_reg", 0 0;
v0x56ea5ee49fd0_0 .net "ew_r", 0 0, L_0x56ea5ee7dc80;  alias, 1 drivers
v0x56ea5ee7c760_0 .var "ew_r_reg", 0 0;
v0x56ea5ee7c820_0 .net "ew_y", 0 0, L_0x56ea5ee7dbc0;  alias, 1 drivers
v0x56ea5ee7c8e0_0 .var "ew_y_reg", 0 0;
v0x56ea5ee7c9a0_0 .var "next_state", 1 0;
v0x56ea5ee7ca80_0 .net "ns_g", 0 0, L_0x56ea5ee495f0;  alias, 1 drivers
v0x56ea5ee7cb40_0 .var "ns_g_reg", 0 0;
v0x56ea5ee7cc00_0 .net "ns_r", 0 0, L_0x56ea5ee49eb0;  alias, 1 drivers
v0x56ea5ee7ccc0_0 .var "ns_r_reg", 0 0;
v0x56ea5ee7cd80_0 .net "ns_y", 0 0, L_0x56ea5ee49c60;  alias, 1 drivers
v0x56ea5ee7ce40_0 .var "ns_y_reg", 0 0;
v0x56ea5ee7cf00_0 .net "rst", 0 0, v0x56ea5ee7d7f0_0;  1 drivers
v0x56ea5ee7cfc0_0 .net "tick", 0 0, v0x56ea5ee7d8c0_0;  1 drivers
v0x56ea5ee7d080_0 .var "tick_counter", 2 0;
E_0x56ea5ee601e0 .event edge, v0x56ea5ee54790_0;
E_0x56ea5ee603b0 .event edge, v0x56ea5ee54790_0, v0x56ea5ee7cfc0_0, v0x56ea5ee7d080_0;
E_0x56ea5ee62570 .event posedge, v0x56ea5ee54910_0;
    .scope S_0x56ea5ee1aed0;
T_0 ;
    %wait E_0x56ea5ee62570;
    %load/vec4 v0x56ea5ee7cf00_0;
    %flag_set/vec4 8;
    %jmp/0xz  T_0.0, 8;
    %pushi/vec4 0, 0, 2;
    %assign/vec4 v0x56ea5ee54790_0, 0;
    %pushi/vec4 0, 0, 3;
    %assign/vec4 v0x56ea5ee7d080_0, 0;
    %jmp T_0.1;
T_0.0 ;
    %load/vec4 v0x56ea5ee54790_0;
    %load/vec4 v0x56ea5ee7c9a0_0;
    %cmp/ne;
    %jmp/0xz  T_0.2, 4;
    %pushi/vec4 0, 0, 3;
    %assign/vec4 v0x56ea5ee7d080_0, 0;
    %jmp T_0.3;
T_0.2 ;
    %load/vec4 v0x56ea5ee7cfc0_0;
    %flag_set/vec4 8;
    %jmp/0xz  T_0.4, 8;
    %load/vec4 v0x56ea5ee7d080_0;
    %addi 1, 0, 3;
    %assign/vec4 v0x56ea5ee7d080_0, 0;
T_0.4 ;
T_0.3 ;
    %load/vec4 v0x56ea5ee7c9a0_0;
    %assign/vec4 v0x56ea5ee54790_0, 0;
T_0.1 ;
    %jmp T_0;
    .thread T_0;
    .scope S_0x56ea5ee1aed0;
T_1 ;
    %wait E_0x56ea5ee603b0;
    %load/vec4 v0x56ea5ee54790_0;
    %store/vec4 v0x56ea5ee7c9a0_0, 0, 2;
    %load/vec4 v0x56ea5ee54790_0;
    %dup/vec4;
    %pushi/vec4 0, 0, 2;
    %cmp/u;
    %jmp/1 T_1.0, 6;
    %dup/vec4;
    %pushi/vec4 1, 0, 2;
    %cmp/u;
    %jmp/1 T_1.1, 6;
    %dup/vec4;
    %pushi/vec4 2, 0, 2;
    %cmp/u;
    %jmp/1 T_1.2, 6;
    %dup/vec4;
    %pushi/vec4 3, 0, 2;
    %cmp/u;
    %jmp/1 T_1.3, 6;
    %pushi/vec4 0, 0, 2;
    %store/vec4 v0x56ea5ee7c9a0_0, 0, 2;
    %jmp T_1.5;
T_1.0 ;
    %load/vec4 v0x56ea5ee7cfc0_0;
    %load/vec4 v0x56ea5ee7d080_0;
    %pad/u 32;
    %pushi/vec4 4, 0, 32;
    %cmp/e;
    %flag_get/vec4 4;
    %and;
    %flag_set/vec4 8;
    %jmp/0xz  T_1.6, 8;
    %pushi/vec4 1, 0, 2;
    %store/vec4 v0x56ea5ee7c9a0_0, 0, 2;
T_1.6 ;
    %jmp T_1.5;
T_1.1 ;
    %load/vec4 v0x56ea5ee7cfc0_0;
    %load/vec4 v0x56ea5ee7d080_0;
    %pad/u 32;
    %pushi/vec4 1, 0, 32;
    %cmp/e;
    %flag_get/vec4 4;
    %and;
    %flag_set/vec4 8;
    %jmp/0xz  T_1.8, 8;
    %pushi/vec4 2, 0, 2;
    %store/vec4 v0x56ea5ee7c9a0_0, 0, 2;
T_1.8 ;
    %jmp T_1.5;
T_1.2 ;
    %load/vec4 v0x56ea5ee7cfc0_0;
    %load/vec4 v0x56ea5ee7d080_0;
    %pad/u 32;
    %pushi/vec4 4, 0, 32;
    %cmp/e;
    %flag_get/vec4 4;
    %and;
    %flag_set/vec4 8;
    %jmp/0xz  T_1.10, 8;
    %pushi/vec4 3, 0, 2;
    %store/vec4 v0x56ea5ee7c9a0_0, 0, 2;
T_1.10 ;
    %jmp T_1.5;
T_1.3 ;
    %load/vec4 v0x56ea5ee7cfc0_0;
    %load/vec4 v0x56ea5ee7d080_0;
    %pad/u 32;
    %pushi/vec4 1, 0, 32;
    %cmp/e;
    %flag_get/vec4 4;
    %and;
    %flag_set/vec4 8;
    %jmp/0xz  T_1.12, 8;
    %pushi/vec4 0, 0, 2;
    %store/vec4 v0x56ea5ee7c9a0_0, 0, 2;
T_1.12 ;
    %jmp T_1.5;
T_1.5 ;
    %pop/vec4 1;
    %jmp T_1;
    .thread T_1, $push;
    .scope S_0x56ea5ee1aed0;
T_2 ;
    %wait E_0x56ea5ee601e0;
    %pushi/vec4 0, 0, 3;
    %split/vec4 1;
    %store/vec4 v0x56ea5ee7ccc0_0, 0, 1;
    %split/vec4 1;
    %store/vec4 v0x56ea5ee7ce40_0, 0, 1;
    %store/vec4 v0x56ea5ee7cb40_0, 0, 1;
    %pushi/vec4 0, 0, 3;
    %split/vec4 1;
    %store/vec4 v0x56ea5ee7c760_0, 0, 1;
    %split/vec4 1;
    %store/vec4 v0x56ea5ee7c8e0_0, 0, 1;
    %store/vec4 v0x56ea5ee49dc0_0, 0, 1;
    %load/vec4 v0x56ea5ee54790_0;
    %dup/vec4;
    %pushi/vec4 0, 0, 2;
    %cmp/u;
    %jmp/1 T_2.0, 6;
    %dup/vec4;
    %pushi/vec4 1, 0, 2;
    %cmp/u;
    %jmp/1 T_2.1, 6;
    %dup/vec4;
    %pushi/vec4 2, 0, 2;
    %cmp/u;
    %jmp/1 T_2.2, 6;
    %dup/vec4;
    %pushi/vec4 3, 0, 2;
    %cmp/u;
    %jmp/1 T_2.3, 6;
    %pushi/vec4 1, 0, 1;
    %store/vec4 v0x56ea5ee7ccc0_0, 0, 1;
    %pushi/vec4 1, 0, 1;
    %store/vec4 v0x56ea5ee7c760_0, 0, 1;
    %jmp T_2.5;
T_2.0 ;
    %pushi/vec4 1, 0, 1;
    %store/vec4 v0x56ea5ee7cb40_0, 0, 1;
    %pushi/vec4 1, 0, 1;
    %store/vec4 v0x56ea5ee7c760_0, 0, 1;
    %jmp T_2.5;
T_2.1 ;
    %pushi/vec4 1, 0, 1;
    %store/vec4 v0x56ea5ee7ce40_0, 0, 1;
    %pushi/vec4 1, 0, 1;
    %store/vec4 v0x56ea5ee7c760_0, 0, 1;
    %jmp T_2.5;
T_2.2 ;
    %pushi/vec4 1, 0, 1;
    %store/vec4 v0x56ea5ee49dc0_0, 0, 1;
    %pushi/vec4 1, 0, 1;
    %store/vec4 v0x56ea5ee7ccc0_0, 0, 1;
    %jmp T_2.5;
T_2.3 ;
    %pushi/vec4 1, 0, 1;
    %store/vec4 v0x56ea5ee7c8e0_0, 0, 1;
    %pushi/vec4 1, 0, 1;
    %store/vec4 v0x56ea5ee7ccc0_0, 0, 1;
    %jmp T_2.5;
T_2.5 ;
    %pop/vec4 1;
    %jmp T_2;
    .thread T_2, $push;
    .scope S_0x56ea5ee1acf0;
T_3 ;
    %pushi/vec4 0, 0, 32;
    %store/vec4 v0x56ea5ee7d990_0, 0, 32;
    %end;
    .thread T_3;
    .scope S_0x56ea5ee1acf0;
T_4 ;
    %pushi/vec4 0, 0, 1;
    %store/vec4 v0x56ea5ee7d280_0, 0, 1;
T_4.0 ;
    %delay 5000, 0;
    %load/vec4 v0x56ea5ee7d280_0;
    %inv;
    %store/vec4 v0x56ea5ee7d280_0, 0, 1;
    %jmp T_4.0;
    %end;
    .thread T_4;
    .scope S_0x56ea5ee1acf0;
T_5 ;
    %wait E_0x56ea5ee62570;
    %load/vec4 v0x56ea5ee7d7f0_0;
    %flag_set/vec4 8;
    %jmp/0xz  T_5.0, 8;
    %pushi/vec4 0, 0, 1;
    %assign/vec4 v0x56ea5ee7d8c0_0, 0;
    %pushi/vec4 0, 0, 32;
    %assign/vec4 v0x56ea5ee7d990_0, 0;
    %jmp T_5.1;
T_5.0 ;
    %load/vec4 v0x56ea5ee7d990_0;
    %cmpi/e 9, 0, 32;
    %jmp/0xz  T_5.2, 4;
    %pushi/vec4 1, 0, 1;
    %assign/vec4 v0x56ea5ee7d8c0_0, 0;
    %pushi/vec4 0, 0, 32;
    %assign/vec4 v0x56ea5ee7d990_0, 0;
    %jmp T_5.3;
T_5.2 ;
    %pushi/vec4 0, 0, 1;
    %assign/vec4 v0x56ea5ee7d8c0_0, 0;
    %load/vec4 v0x56ea5ee7d990_0;
    %addi 1, 0, 32;
    %assign/vec4 v0x56ea5ee7d990_0, 0;
T_5.3 ;
T_5.1 ;
    %jmp T_5;
    .thread T_5;
    .scope S_0x56ea5ee1acf0;
T_6 ;
    %vpi_call 2 52 "$dumpfile", "dump.vcd" {0 0 0};
    %vpi_call 2 53 "$dumpvars", 32'sb00000000000000000000000000000000, S_0x56ea5ee1acf0 {0 0 0};
    %pushi/vec4 1, 0, 1;
    %store/vec4 v0x56ea5ee7d7f0_0, 0, 1;
    %pushi/vec4 0, 0, 1;
    %store/vec4 v0x56ea5ee7d8c0_0, 0, 1;
    %wait E_0x56ea5ee62570;
    %wait E_0x56ea5ee62570;
    %pushi/vec4 0, 0, 1;
    %store/vec4 v0x56ea5ee7d7f0_0, 0, 1;
    %delay 2000000, 0;
    %vpi_call 2 64 "$finish" {0 0 0};
    %end;
    .thread T_6;
# The file index is used to find the file name in the following table.
:file_names 4;
    "N/A";
    "<interactive>";
    "tb_traffic_light.v";
    "./traffic_light.v";
