#! /usr/bin/vvp
:ivl_version "11.0 (stable)";
:ivl_delay_selection "TYPICAL";
:vpi_time_precision - 12;
:vpi_module "/usr/lib/x86_64-linux-gnu/ivl/system.vpi";
:vpi_module "/usr/lib/x86_64-linux-gnu/ivl/vhdl_sys.vpi";
:vpi_module "/usr/lib/x86_64-linux-gnu/ivl/vhdl_textio.vpi";
:vpi_module "/usr/lib/x86_64-linux-gnu/ivl/v2005_math.vpi";
:vpi_module "/usr/lib/x86_64-linux-gnu/ivl/va_math.vpi";
S_0x6060b502c030 .scope module, "tb_seq_detect_mealy" "tb_seq_detect_mealy" 2 5;
 .timescale -9 -12;
v0x6060b50462a0_0 .var "clk", 0 0;
v0x6060b5046360_0 .var "din", 0 0;
v0x6060b5046400_0 .var/i "i", 31 0;
v0x6060b50464a0_0 .var "rst", 0 0;
v0x6060b5046540_0 .var "vec", 0 10;
v0x6060b5046630_0 .net "y", 0 0, L_0x6060b5019240;  1 drivers
E_0x6060b5029360 .event negedge, v0x6060b501a3b0_0;
S_0x6060b502c1c0 .scope module, "dut" "seq_detect_mealy" 2 11, 3 1 0, S_0x6060b502c030;
 .timescale -9 -12;
    .port_info 0 /INPUT 1 "clk";
    .port_info 1 /INPUT 1 "rst";
    .port_info 2 /INPUT 1 "din";
    .port_info 3 /OUTPUT 1 "y";
P_0x6060b50185d0 .param/l "init" 0 3 8, C4<00>;
P_0x6060b5018610 .param/l "one" 0 3 9, C4<01>;
P_0x6060b5018650 .param/l "three" 0 3 11, C4<11>;
P_0x6060b5018690 .param/l "two" 0 3 10, C4<10>;
L_0x6060b5019240 .functor AND 1, L_0x6060b5046700, v0x6060b5046360_0, C4<1>, C4<1>;
L_0x7d7d7c02c018 .functor BUFT 1, C4<11>, C4<0>, C4<0>, C4<0>;
v0x6060b5028f10_0 .net/2u *"_ivl_0", 1 0, L_0x7d7d7c02c018;  1 drivers
v0x6060b5018b40_0 .net *"_ivl_2", 0 0, L_0x6060b5046700;  1 drivers
v0x6060b5019360_0 .net "clk", 0 0, v0x6060b50462a0_0;  1 drivers
v0x6060b5019a90_0 .net "din", 0 0, v0x6060b5046360_0;  1 drivers
v0x6060b501a3b0_0 .net "rst", 0 0, v0x6060b50464a0_0;  1 drivers
v0x6060b5045fa0_0 .var "state_next", 1 0;
v0x6060b5046080_0 .var "state_present", 1 0;
v0x6060b5046160_0 .net "y", 0 0, L_0x6060b5019240;  alias, 1 drivers
E_0x6060b4ff0eb0 .event edge, v0x6060b5046080_0, v0x6060b5019a90_0;
E_0x6060b5030cc0 .event posedge, v0x6060b5019360_0;
L_0x6060b5046700 .cmp/eq 2, v0x6060b5046080_0, L_0x7d7d7c02c018;
    .scope S_0x6060b502c1c0;
T_0 ;
    %wait E_0x6060b5030cc0;
    %load/vec4 v0x6060b501a3b0_0;
    %flag_set/vec4 8;
    %jmp/0xz  T_0.0, 8;
    %pushi/vec4 0, 0, 2;
    %assign/vec4 v0x6060b5046080_0, 0;
    %jmp T_0.1;
T_0.0 ;
    %load/vec4 v0x6060b5045fa0_0;
    %assign/vec4 v0x6060b5046080_0, 0;
T_0.1 ;
    %jmp T_0;
    .thread T_0;
    .scope S_0x6060b502c1c0;
T_1 ;
    %wait E_0x6060b4ff0eb0;
    %load/vec4 v0x6060b5046080_0;
    %dup/vec4;
    %pushi/vec4 0, 0, 2;
    %cmp/u;
    %jmp/1 T_1.0, 6;
    %dup/vec4;
    %pushi/vec4 1, 0, 2;
    %cmp/u;
    %jmp/1 T_1.1, 6;
    %dup/vec4;
    %pushi/vec4 2, 0, 2;
    %cmp/u;
    %jmp/1 T_1.2, 6;
    %dup/vec4;
    %pushi/vec4 3, 0, 2;
    %cmp/u;
    %jmp/1 T_1.3, 6;
    %pushi/vec4 0, 0, 2;
    %store/vec4 v0x6060b5045fa0_0, 0, 2;
    %jmp T_1.5;
T_1.0 ;
    %load/vec4 v0x6060b5019a90_0;
    %flag_set/vec4 8;
    %jmp/0xz  T_1.6, 8;
    %pushi/vec4 1, 0, 2;
    %store/vec4 v0x6060b5045fa0_0, 0, 2;
    %jmp T_1.7;
T_1.6 ;
    %pushi/vec4 0, 0, 2;
    %store/vec4 v0x6060b5045fa0_0, 0, 2;
T_1.7 ;
    %jmp T_1.5;
T_1.1 ;
    %load/vec4 v0x6060b5019a90_0;
    %flag_set/vec4 8;
    %jmp/0xz  T_1.8, 8;
    %pushi/vec4 2, 0, 2;
    %store/vec4 v0x6060b5045fa0_0, 0, 2;
    %jmp T_1.9;
T_1.8 ;
    %pushi/vec4 0, 0, 2;
    %store/vec4 v0x6060b5045fa0_0, 0, 2;
T_1.9 ;
    %jmp T_1.5;
T_1.2 ;
    %load/vec4 v0x6060b5019a90_0;
    %flag_set/vec4 8;
    %jmp/0xz  T_1.10, 8;
    %pushi/vec4 2, 0, 2;
    %store/vec4 v0x6060b5045fa0_0, 0, 2;
    %jmp T_1.11;
T_1.10 ;
    %pushi/vec4 3, 0, 2;
    %store/vec4 v0x6060b5045fa0_0, 0, 2;
T_1.11 ;
    %jmp T_1.5;
T_1.3 ;
    %load/vec4 v0x6060b5019a90_0;
    %flag_set/vec4 8;
    %jmp/0xz  T_1.12, 8;
    %pushi/vec4 1, 0, 2;
    %store/vec4 v0x6060b5045fa0_0, 0, 2;
    %jmp T_1.13;
T_1.12 ;
    %pushi/vec4 0, 0, 2;
    %store/vec4 v0x6060b5045fa0_0, 0, 2;
T_1.13 ;
    %jmp T_1.5;
T_1.5 ;
    %pop/vec4 1;
    %jmp T_1;
    .thread T_1, $push;
    .scope S_0x6060b502c030;
T_2 ;
    %pushi/vec4 0, 0, 1;
    %store/vec4 v0x6060b50462a0_0, 0, 1;
    %pushi/vec4 1, 0, 1;
    %store/vec4 v0x6060b50464a0_0, 0, 1;
    %pushi/vec4 0, 0, 1;
    %store/vec4 v0x6060b5046360_0, 0, 1;
    %pushi/vec4 1757, 0, 11;
    %store/vec4 v0x6060b5046540_0, 0, 11;
    %end;
    .thread T_2;
    .scope S_0x6060b502c030;
T_3 ;
    %delay 5000, 0;
    %load/vec4 v0x6060b50462a0_0;
    %inv;
    %store/vec4 v0x6060b50462a0_0, 0, 1;
    %jmp T_3;
    .thread T_3;
    .scope S_0x6060b502c030;
T_4 ;
    %pushi/vec4 3, 0, 32;
T_4.0 %dup/vec4;
    %pushi/vec4 0, 0, 32;
    %cmp/s;
    %jmp/1xz T_4.1, 5;
    %jmp/1 T_4.1, 4;
    %pushi/vec4 1, 0, 32;
    %sub;
    %wait E_0x6060b5030cc0;
    %jmp T_4.0;
T_4.1 ;
    %pop/vec4 1;
    %pushi/vec4 0, 0, 1;
    %assign/vec4 v0x6060b50464a0_0, 0;
    %end;
    .thread T_4;
    .scope S_0x6060b502c030;
T_5 ;
    %vpi_call 2 30 "$dumpfile", "dump.vcd" {0 0 0};
    %vpi_call 2 31 "$dumpvars", 32'sb00000000000000000000000000000000, S_0x6060b502c030 {0 0 0};
    %wait E_0x6060b5029360;
    %wait E_0x6060b5030cc0;
    %pushi/vec4 0, 0, 32;
    %store/vec4 v0x6060b5046400_0, 0, 32;
T_5.0 ;
    %load/vec4 v0x6060b5046400_0;
    %cmpi/s 11, 0, 32;
    %jmp/0xz T_5.1, 5;
    %load/vec4 v0x6060b5046540_0;
    %pushi/vec4 10, 0, 34;
    %load/vec4 v0x6060b5046400_0;
    %pad/s 34;
    %sub;
    %part/s 1;
    %assign/vec4 v0x6060b5046360_0, 0;
    %wait E_0x6060b5030cc0;
    %load/vec4 v0x6060b5046400_0;
    %addi 1, 0, 32;
    %store/vec4 v0x6060b5046400_0, 0, 32;
    %jmp T_5.0;
T_5.1 ;
    %pushi/vec4 0, 0, 1;
    %assign/vec4 v0x6060b5046360_0, 0;
    %pushi/vec4 5, 0, 32;
T_5.2 %dup/vec4;
    %pushi/vec4 0, 0, 32;
    %cmp/s;
    %jmp/1xz T_5.3, 5;
    %jmp/1 T_5.3, 4;
    %pushi/vec4 1, 0, 32;
    %sub;
    %wait E_0x6060b5030cc0;
    %jmp T_5.2;
T_5.3 ;
    %pop/vec4 1;
    %vpi_call 2 44 "$finish" {0 0 0};
    %end;
    .thread T_5;
    .scope S_0x6060b502c030;
T_6 ;
    %vpi_call 2 50 "$display", "  time  | clk rst din | y " {0 0 0};
    %vpi_call 2 51 "$display", "--------------------------------" {0 0 0};
    %vpi_call 2 52 "$monitor", "%7t |  %0b   %0b   %0b | %0b", $time, v0x6060b50462a0_0, v0x6060b50464a0_0, v0x6060b5046360_0, v0x6060b5046630_0 {0 0 0};
    %end;
    .thread T_6;
# The file index is used to find the file name in the following table.
:file_names 4;
    "N/A";
    "<interactive>";
    "tb_seq_detect_mealy.v";
    "./seq_detect_mealy.v";
