#! /usr/bin/vvp
:ivl_version "11.0 (stable)";
:ivl_delay_selection "TYPICAL";
:vpi_time_precision - 12;
:vpi_module "/usr/lib/x86_64-linux-gnu/ivl/system.vpi";
:vpi_module "/usr/lib/x86_64-linux-gnu/ivl/vhdl_sys.vpi";
:vpi_module "/usr/lib/x86_64-linux-gnu/ivl/vhdl_textio.vpi";
:vpi_module "/usr/lib/x86_64-linux-gnu/ivl/v2005_math.vpi";
:vpi_module "/usr/lib/x86_64-linux-gnu/ivl/va_math.vpi";
S_0x5ac3f61cdcf0 .scope module, "tb_vending_mealy" "tb_vending_mealy" 2 5;
 .timescale -9 -12;
v0x5ac3f622c3a0_0 .net "chg5", 0 0, L_0x5ac3f61fadc0;  1 drivers
v0x5ac3f622c460_0 .var "clk", 0 0;
v0x5ac3f622c500_0 .var "coin", 1 0;
v0x5ac3f622c5a0_0 .net "dispense", 0 0, L_0x5ac3f61faa80;  1 drivers
v0x5ac3f622c670_0 .var "rst", 0 0;
E_0x5ac3f620e620 .event negedge, v0x5ac3f622c160_0;
S_0x5ac3f620d380 .scope module, "dut" "vending_mealy" 2 11, 3 1 0, S_0x5ac3f61cdcf0;
 .timescale -9 -12;
    .port_info 0 /INPUT 1 "clk";
    .port_info 1 /INPUT 1 "rst";
    .port_info 2 /INPUT 2 "coin";
    .port_info 3 /OUTPUT 1 "dispense";
    .port_info 4 /OUTPUT 1 "chg5";
P_0x5ac3f61f7b40 .param/l "S0" 1 3 10, C4<00>;
P_0x5ac3f61f7b80 .param/l "S10" 1 3 12, C4<10>;
P_0x5ac3f61f7bc0 .param/l "S15" 1 3 13, C4<11>;
P_0x5ac3f61f7c00 .param/l "S5" 1 3 11, C4<01>;
L_0x5ac3f61faa80 .functor BUFZ 1, v0x5ac3f61fbc20_0, C4<0>, C4<0>, C4<0>;
L_0x5ac3f61fadc0 .functor BUFZ 1, v0x5ac3f61faf20_0, C4<0>, C4<0>, C4<0>;
v0x5ac3f61fabe0_0 .net "chg5", 0 0, L_0x5ac3f61fadc0;  alias, 1 drivers
v0x5ac3f61faf20_0 .var "chg5_c", 0 0;
v0x5ac3f61fb260_0 .net "clk", 0 0, v0x5ac3f622c460_0;  1 drivers
v0x5ac3f61fb5a0_0 .net "coin", 1 0, v0x5ac3f622c500_0;  1 drivers
v0x5ac3f61fb8e0_0 .net "dispense", 0 0, L_0x5ac3f61faa80;  alias, 1 drivers
v0x5ac3f61fbc20_0 .var "dispense_c", 0 0;
v0x5ac3f61fbf20_0 .var "next_state", 1 0;
v0x5ac3f622c160_0 .net "rst", 0 0, v0x5ac3f622c670_0;  1 drivers
v0x5ac3f622c220_0 .var "state", 1 0;
E_0x5ac3f620de30 .event posedge, v0x5ac3f61fb260_0;
E_0x5ac3f61f19b0 .event edge, v0x5ac3f622c220_0, v0x5ac3f61fb5a0_0;
    .scope S_0x5ac3f620d380;
T_0 ;
    %wait E_0x5ac3f61f19b0;
    %load/vec4 v0x5ac3f622c220_0;
    %store/vec4 v0x5ac3f61fbf20_0, 0, 2;
    %pushi/vec4 0, 0, 1;
    %store/vec4 v0x5ac3f61fbc20_0, 0, 1;
    %pushi/vec4 0, 0, 1;
    %store/vec4 v0x5ac3f61faf20_0, 0, 1;
    %load/vec4 v0x5ac3f622c220_0;
    %dup/vec4;
    %pushi/vec4 0, 0, 2;
    %cmp/u;
    %jmp/1 T_0.0, 6;
    %dup/vec4;
    %pushi/vec4 1, 0, 2;
    %cmp/u;
    %jmp/1 T_0.1, 6;
    %dup/vec4;
    %pushi/vec4 2, 0, 2;
    %cmp/u;
    %jmp/1 T_0.2, 6;
    %dup/vec4;
    %pushi/vec4 3, 0, 2;
    %cmp/u;
    %jmp/1 T_0.3, 6;
    %jmp T_0.4;
T_0.0 ;
    %load/vec4 v0x5ac3f61fb5a0_0;
    %cmpi/e 1, 0, 2;
    %jmp/0xz  T_0.5, 4;
    %pushi/vec4 1, 0, 2;
    %store/vec4 v0x5ac3f61fbf20_0, 0, 2;
    %jmp T_0.6;
T_0.5 ;
    %load/vec4 v0x5ac3f61fb5a0_0;
    %cmpi/e 2, 0, 2;
    %jmp/0xz  T_0.7, 4;
    %pushi/vec4 2, 0, 2;
    %store/vec4 v0x5ac3f61fbf20_0, 0, 2;
T_0.7 ;
T_0.6 ;
    %jmp T_0.4;
T_0.1 ;
    %load/vec4 v0x5ac3f61fb5a0_0;
    %cmpi/e 1, 0, 2;
    %jmp/0xz  T_0.9, 4;
    %pushi/vec4 2, 0, 2;
    %store/vec4 v0x5ac3f61fbf20_0, 0, 2;
    %jmp T_0.10;
T_0.9 ;
    %load/vec4 v0x5ac3f61fb5a0_0;
    %cmpi/e 2, 0, 2;
    %jmp/0xz  T_0.11, 4;
    %pushi/vec4 3, 0, 2;
    %store/vec4 v0x5ac3f61fbf20_0, 0, 2;
T_0.11 ;
T_0.10 ;
    %jmp T_0.4;
T_0.2 ;
    %load/vec4 v0x5ac3f61fb5a0_0;
    %cmpi/e 1, 0, 2;
    %jmp/0xz  T_0.13, 4;
    %pushi/vec4 3, 0, 2;
    %store/vec4 v0x5ac3f61fbf20_0, 0, 2;
    %jmp T_0.14;
T_0.13 ;
    %load/vec4 v0x5ac3f61fb5a0_0;
    %cmpi/e 2, 0, 2;
    %jmp/0xz  T_0.15, 4;
    %pushi/vec4 1, 0, 1;
    %store/vec4 v0x5ac3f61fbc20_0, 0, 1;
    %pushi/vec4 0, 0, 2;
    %store/vec4 v0x5ac3f61fbf20_0, 0, 2;
T_0.15 ;
T_0.14 ;
    %jmp T_0.4;
T_0.3 ;
    %load/vec4 v0x5ac3f61fb5a0_0;
    %cmpi/e 1, 0, 2;
    %jmp/0xz  T_0.17, 4;
    %pushi/vec4 1, 0, 1;
    %store/vec4 v0x5ac3f61fbc20_0, 0, 1;
    %pushi/vec4 0, 0, 2;
    %store/vec4 v0x5ac3f61fbf20_0, 0, 2;
    %jmp T_0.18;
T_0.17 ;
    %load/vec4 v0x5ac3f61fb5a0_0;
    %cmpi/e 2, 0, 2;
    %jmp/0xz  T_0.19, 4;
    %pushi/vec4 1, 0, 1;
    %store/vec4 v0x5ac3f61fbc20_0, 0, 1;
    %pushi/vec4 1, 0, 1;
    %store/vec4 v0x5ac3f61faf20_0, 0, 1;
    %pushi/vec4 0, 0, 2;
    %store/vec4 v0x5ac3f61fbf20_0, 0, 2;
T_0.19 ;
T_0.18 ;
    %jmp T_0.4;
T_0.4 ;
    %pop/vec4 1;
    %jmp T_0;
    .thread T_0, $push;
    .scope S_0x5ac3f620d380;
T_1 ;
    %wait E_0x5ac3f620de30;
    %load/vec4 v0x5ac3f622c160_0;
    %flag_set/vec4 8;
    %jmp/0xz  T_1.0, 8;
    %pushi/vec4 0, 0, 2;
    %assign/vec4 v0x5ac3f622c220_0, 0;
    %jmp T_1.1;
T_1.0 ;
    %load/vec4 v0x5ac3f61fbf20_0;
    %assign/vec4 v0x5ac3f622c220_0, 0;
T_1.1 ;
    %jmp T_1;
    .thread T_1;
    .scope S_0x5ac3f61cdcf0;
T_2 ;
    %pushi/vec4 0, 0, 1;
    %store/vec4 v0x5ac3f622c460_0, 0, 1;
    %pushi/vec4 1, 0, 1;
    %store/vec4 v0x5ac3f622c670_0, 0, 1;
    %pushi/vec4 0, 0, 2;
    %store/vec4 v0x5ac3f622c500_0, 0, 2;
    %end;
    .thread T_2;
    .scope S_0x5ac3f61cdcf0;
T_3 ;
    %delay 5000, 0;
    %load/vec4 v0x5ac3f622c460_0;
    %inv;
    %store/vec4 v0x5ac3f622c460_0, 0, 1;
    %jmp T_3;
    .thread T_3;
    .scope S_0x5ac3f61cdcf0;
T_4 ;
    %pushi/vec4 3, 0, 32;
T_4.0 %dup/vec4;
    %pushi/vec4 0, 0, 32;
    %cmp/s;
    %jmp/1xz T_4.1, 5;
    %jmp/1 T_4.1, 4;
    %pushi/vec4 1, 0, 32;
    %sub;
    %wait E_0x5ac3f620de30;
    %jmp T_4.0;
T_4.1 ;
    %pop/vec4 1;
    %pushi/vec4 0, 0, 1;
    %assign/vec4 v0x5ac3f622c670_0, 0;
    %end;
    .thread T_4;
    .scope S_0x5ac3f61cdcf0;
T_5 ;
    %vpi_call 2 27 "$dumpfile", "dump.vcd" {0 0 0};
    %vpi_call 2 28 "$dumpvars", 32'sb00000000000000000000000000000000, S_0x5ac3f61cdcf0 {0 0 0};
    %wait E_0x5ac3f620e620;
    %wait E_0x5ac3f620de30;
    %pushi/vec4 1, 0, 2;
    %assign/vec4 v0x5ac3f622c500_0, 0;
    %wait E_0x5ac3f620de30;
    %pushi/vec4 0, 0, 2;
    %assign/vec4 v0x5ac3f622c500_0, 0;
    %wait E_0x5ac3f620de30;
    %pushi/vec4 1, 0, 2;
    %assign/vec4 v0x5ac3f622c500_0, 0;
    %wait E_0x5ac3f620de30;
    %pushi/vec4 0, 0, 2;
    %assign/vec4 v0x5ac3f622c500_0, 0;
    %wait E_0x5ac3f620de30;
    %pushi/vec4 2, 0, 2;
    %assign/vec4 v0x5ac3f622c500_0, 0;
    %wait E_0x5ac3f620de30;
    %pushi/vec4 0, 0, 2;
    %assign/vec4 v0x5ac3f622c500_0, 0;
    %wait E_0x5ac3f620de30;
    %pushi/vec4 2, 0, 2;
    %assign/vec4 v0x5ac3f622c500_0, 0;
    %wait E_0x5ac3f620de30;
    %pushi/vec4 0, 0, 2;
    %assign/vec4 v0x5ac3f622c500_0, 0;
    %wait E_0x5ac3f620de30;
    %pushi/vec4 2, 0, 2;
    %assign/vec4 v0x5ac3f622c500_0, 0;
    %wait E_0x5ac3f620de30;
    %pushi/vec4 0, 0, 2;
    %assign/vec4 v0x5ac3f622c500_0, 0;
    %wait E_0x5ac3f620de30;
    %pushi/vec4 1, 0, 2;
    %assign/vec4 v0x5ac3f622c500_0, 0;
    %wait E_0x5ac3f620de30;
    %pushi/vec4 0, 0, 2;
    %assign/vec4 v0x5ac3f622c500_0, 0;
    %wait E_0x5ac3f620de30;
    %pushi/vec4 2, 0, 2;
    %assign/vec4 v0x5ac3f622c500_0, 0;
    %wait E_0x5ac3f620de30;
    %pushi/vec4 0, 0, 2;
    %assign/vec4 v0x5ac3f622c500_0, 0;
    %wait E_0x5ac3f620de30;
    %pushi/vec4 2, 0, 2;
    %assign/vec4 v0x5ac3f622c500_0, 0;
    %wait E_0x5ac3f620de30;
    %pushi/vec4 0, 0, 2;
    %assign/vec4 v0x5ac3f622c500_0, 0;
    %wait E_0x5ac3f620de30;
    %pushi/vec4 5, 0, 32;
T_5.0 %dup/vec4;
    %pushi/vec4 0, 0, 32;
    %cmp/s;
    %jmp/1xz T_5.1, 5;
    %jmp/1 T_5.1, 4;
    %pushi/vec4 1, 0, 32;
    %sub;
    %wait E_0x5ac3f620de30;
    %jmp T_5.0;
T_5.1 ;
    %pop/vec4 1;
    %vpi_call 2 56 "$finish" {0 0 0};
    %end;
    .thread T_5;
    .scope S_0x5ac3f61cdcf0;
T_6 ;
    %vpi_call 2 61 "$display", " time | coin dispense chg5" {0 0 0};
    %vpi_call 2 62 "$display", "-----------------------------" {0 0 0};
    %vpi_call 2 63 "$monitor", "%6t |  %02b      %0b      %0b", $time, v0x5ac3f622c500_0, v0x5ac3f622c5a0_0, v0x5ac3f622c3a0_0 {0 0 0};
    %end;
    .thread T_6;
# The file index is used to find the file name in the following table.
:file_names 4;
    "N/A";
    "<interactive>";
    "tb_vending_mealy.v";
    "./vending_mealy.v";
