#! /usr/bin/vvp
:ivl_version "11.0 (stable)";
:ivl_delay_selection "TYPICAL";
:vpi_time_precision - 12;
:vpi_module "/usr/lib/x86_64-linux-gnu/ivl/system.vpi";
:vpi_module "/usr/lib/x86_64-linux-gnu/ivl/vhdl_sys.vpi";
:vpi_module "/usr/lib/x86_64-linux-gnu/ivl/vhdl_textio.vpi";
:vpi_module "/usr/lib/x86_64-linux-gnu/ivl/v2005_math.vpi";
:vpi_module "/usr/lib/x86_64-linux-gnu/ivl/va_math.vpi";
S_0x5d7ee19f8cf0 .scope module, "tb_link_top" "tb_link_top" 2 4;
 .timescale -9 -12;
v0x5d7ee1a641d0_0 .var "clk", 0 0;
v0x5d7ee1a64270_0 .net "done", 0 0, v0x5d7ee1a62650_0;  1 drivers
v0x5d7ee1a64380_0 .var "rst", 0 0;
E_0x5d7ee1a2b060 .event edge, v0x5d7ee1a62650_0;
S_0x5d7ee19f8e80 .scope module, "dut" "link_top" 2 9, 3 4 0, S_0x5d7ee19f8cf0;
 .timescale -9 -12;
    .port_info 0 /INPUT 1 "clk";
    .port_info 1 /INPUT 1 "rst";
    .port_info 2 /OUTPUT 1 "done";
v0x5d7ee1a63b60_0 .net "ack", 0 0, v0x5d7ee1a63270_0;  1 drivers
v0x5d7ee1a63c20_0 .net "clk", 0 0, v0x5d7ee1a641d0_0;  1 drivers
v0x5d7ee1a63d30_0 .net "data", 7 0, v0x5d7ee1a62570_0;  1 drivers
v0x5d7ee1a63e20_0 .net "done", 0 0, v0x5d7ee1a62650_0;  alias, 1 drivers
v0x5d7ee1a63ec0_0 .net "last", 7 0, v0x5d7ee1a63470_0;  1 drivers
v0x5d7ee1a63fb0_0 .net "req", 0 0, v0x5d7ee1a62b80_0;  1 drivers
v0x5d7ee1a640a0_0 .net "rst", 0 0, v0x5d7ee1a64380_0;  1 drivers
S_0x5d7ee1a3be80 .scope module, "u_master" "master_fsm" 3 13, 4 1 0, S_0x5d7ee19f8e80;
 .timescale -9 -12;
    .port_info 0 /INPUT 1 "clk";
    .port_info 1 /INPUT 1 "rst";
    .port_info 2 /INPUT 1 "ack";
    .port_info 3 /OUTPUT 1 "req";
    .port_info 4 /OUTPUT 8 "data";
    .port_info 5 /OUTPUT 1 "done";
P_0x5d7ee1a3c060 .param/l "DONE" 1 4 14, C4<100>;
P_0x5d7ee1a3c0a0 .param/l "IDLE" 1 4 10, C4<000>;
P_0x5d7ee1a3c0e0 .param/l "SEND" 1 4 11, C4<001>;
P_0x5d7ee1a3c120 .param/l "WAIT_ACK" 1 4 12, C4<010>;
P_0x5d7ee1a3c160 .param/l "WAIT_ACK_LO" 1 4 13, C4<011>;
v0x5d7ee1a62310_0 .net "ack", 0 0, v0x5d7ee1a63270_0;  alias, 1 drivers
v0x5d7ee1a623f0_0 .var "byte_idx", 1 0;
v0x5d7ee1a624d0_0 .net "clk", 0 0, v0x5d7ee1a641d0_0;  alias, 1 drivers
v0x5d7ee1a62570_0 .var "data", 7 0;
v0x5d7ee1a62650_0 .var "done", 0 0;
v0x5d7ee1a62760_0 .var "next_data", 7 0;
v0x5d7ee1a62840_0 .var "next_done", 0 0;
v0x5d7ee1a62900_0 .var "next_idx", 1 0;
v0x5d7ee1a629e0_0 .var "next_req", 0 0;
v0x5d7ee1a62aa0_0 .var "next_state", 2 0;
v0x5d7ee1a62b80_0 .var "req", 0 0;
v0x5d7ee1a62c40_0 .net "rst", 0 0, v0x5d7ee1a64380_0;  alias, 1 drivers
v0x5d7ee1a62d00_0 .var "state", 2 0;
E_0x5d7ee1a2c1a0 .event posedge, v0x5d7ee1a624d0_0;
E_0x5d7ee1a2c0a0/0 .event edge, v0x5d7ee1a62d00_0, v0x5d7ee1a623f0_0, v0x5d7ee1a62570_0, v0x5d7ee1a62b80_0;
E_0x5d7ee1a2c0a0/1 .event edge, v0x5d7ee1a62310_0;
E_0x5d7ee1a2c0a0 .event/or E_0x5d7ee1a2c0a0/0, E_0x5d7ee1a2c0a0/1;
S_0x5d7ee1a44870 .scope function.vec4.s8, "byte_val" "byte_val" 4 22, 4 22 0, S_0x5d7ee1a3be80;
 .timescale -9 -12;
; Variable byte_val is vec4 return value of scope S_0x5d7ee1a44870
v0x5d7ee1a28c20_0 .var "idx", 1 0;
TD_tb_link_top.dut.u_master.byte_val ;
    %load/vec4 v0x5d7ee1a28c20_0;
    %dup/vec4;
    %pushi/vec4 0, 0, 2;
    %cmp/u;
    %jmp/1 T_0.0, 6;
    %dup/vec4;
    %pushi/vec4 1, 0, 2;
    %cmp/u;
    %jmp/1 T_0.1, 6;
    %dup/vec4;
    %pushi/vec4 2, 0, 2;
    %cmp/u;
    %jmp/1 T_0.2, 6;
    %dup/vec4;
    %pushi/vec4 3, 0, 2;
    %cmp/u;
    %jmp/1 T_0.3, 6;
    %jmp T_0.4;
T_0.0 ;
    %pushi/vec4 160, 0, 8;
    %ret/vec4 0, 0, 8;  Assign to byte_val (store_vec4_to_lval)
    %jmp T_0.4;
T_0.1 ;
    %pushi/vec4 161, 0, 8;
    %ret/vec4 0, 0, 8;  Assign to byte_val (store_vec4_to_lval)
    %jmp T_0.4;
T_0.2 ;
    %pushi/vec4 162, 0, 8;
    %ret/vec4 0, 0, 8;  Assign to byte_val (store_vec4_to_lval)
    %jmp T_0.4;
T_0.3 ;
    %pushi/vec4 163, 0, 8;
    %ret/vec4 0, 0, 8;  Assign to byte_val (store_vec4_to_lval)
    %jmp T_0.4;
T_0.4 ;
    %pop/vec4 1;
    %end;
S_0x5d7ee1a62ea0 .scope module, "u_slave" "slave_fsm" 3 18, 5 1 0, S_0x5d7ee19f8e80;
 .timescale -9 -12;
    .port_info 0 /INPUT 1 "clk";
    .port_info 1 /INPUT 1 "rst";
    .port_info 2 /INPUT 1 "req";
    .port_info 3 /INPUT 8 "data_in";
    .port_info 4 /OUTPUT 1 "ack";
    .port_info 5 /OUTPUT 8 "last_byte";
P_0x5d7ee19fa620 .param/l "ACK1" 1 5 9, C4<01>;
P_0x5d7ee19fa660 .param/l "ACK2" 1 5 9, C4<10>;
P_0x5d7ee19fa6a0 .param/l "IDLE" 1 5 9, C4<00>;
v0x5d7ee1a63270_0 .var "ack", 0 0;
v0x5d7ee1a63330_0 .net "clk", 0 0, v0x5d7ee1a641d0_0;  alias, 1 drivers
v0x5d7ee1a633d0_0 .net "data_in", 7 0, v0x5d7ee1a62570_0;  alias, 1 drivers
v0x5d7ee1a63470_0 .var "last_byte", 7 0;
v0x5d7ee1a63510_0 .var "next_ack", 0 0;
v0x5d7ee1a63600_0 .var "next_last", 7 0;
v0x5d7ee1a636e0_0 .var "next_state", 1 0;
v0x5d7ee1a637c0_0 .net "req", 0 0, v0x5d7ee1a62b80_0;  alias, 1 drivers
v0x5d7ee1a63860_0 .net "rst", 0 0, v0x5d7ee1a64380_0;  alias, 1 drivers
v0x5d7ee1a639c0_0 .var "state", 1 0;
E_0x5d7ee1a2c120/0 .event edge, v0x5d7ee1a639c0_0, v0x5d7ee1a62310_0, v0x5d7ee1a63470_0, v0x5d7ee1a62b80_0;
E_0x5d7ee1a2c120/1 .event edge, v0x5d7ee1a62570_0;
E_0x5d7ee1a2c120 .event/or E_0x5d7ee1a2c120/0, E_0x5d7ee1a2c120/1;
    .scope S_0x5d7ee1a3be80;
T_1 ;
    %wait E_0x5d7ee1a2c0a0;
    %load/vec4 v0x5d7ee1a62d00_0;
    %store/vec4 v0x5d7ee1a62aa0_0, 0, 3;
    %load/vec4 v0x5d7ee1a623f0_0;
    %store/vec4 v0x5d7ee1a62900_0, 0, 2;
    %load/vec4 v0x5d7ee1a62570_0;
    %store/vec4 v0x5d7ee1a62760_0, 0, 8;
    %load/vec4 v0x5d7ee1a62b80_0;
    %store/vec4 v0x5d7ee1a629e0_0, 0, 1;
    %pushi/vec4 0, 0, 1;
    %store/vec4 v0x5d7ee1a62840_0, 0, 1;
    %load/vec4 v0x5d7ee1a62d00_0;
    %dup/vec4;
    %pushi/vec4 0, 0, 3;
    %cmp/u;
    %jmp/1 T_1.0, 6;
    %dup/vec4;
    %pushi/vec4 1, 0, 3;
    %cmp/u;
    %jmp/1 T_1.1, 6;
    %dup/vec4;
    %pushi/vec4 2, 0, 3;
    %cmp/u;
    %jmp/1 T_1.2, 6;
    %dup/vec4;
    %pushi/vec4 3, 0, 3;
    %cmp/u;
    %jmp/1 T_1.3, 6;
    %dup/vec4;
    %pushi/vec4 4, 0, 3;
    %cmp/u;
    %jmp/1 T_1.4, 6;
    %jmp T_1.5;
T_1.0 ;
    %pushi/vec4 0, 0, 2;
    %store/vec4 v0x5d7ee1a62900_0, 0, 2;
    %pushi/vec4 0, 0, 2;
    %store/vec4 v0x5d7ee1a28c20_0, 0, 2;
    %callf/vec4 TD_tb_link_top.dut.u_master.byte_val, S_0x5d7ee1a44870;
    %store/vec4 v0x5d7ee1a62760_0, 0, 8;
    %pushi/vec4 1, 0, 1;
    %store/vec4 v0x5d7ee1a629e0_0, 0, 1;
    %pushi/vec4 1, 0, 3;
    %store/vec4 v0x5d7ee1a62aa0_0, 0, 3;
    %jmp T_1.5;
T_1.1 ;
    %pushi/vec4 2, 0, 3;
    %store/vec4 v0x5d7ee1a62aa0_0, 0, 3;
    %jmp T_1.5;
T_1.2 ;
    %load/vec4 v0x5d7ee1a62310_0;
    %flag_set/vec4 8;
    %jmp/0xz  T_1.6, 8;
    %pushi/vec4 0, 0, 1;
    %store/vec4 v0x5d7ee1a629e0_0, 0, 1;
    %pushi/vec4 3, 0, 3;
    %store/vec4 v0x5d7ee1a62aa0_0, 0, 3;
T_1.6 ;
    %jmp T_1.5;
T_1.3 ;
    %load/vec4 v0x5d7ee1a62310_0;
    %nor/r;
    %flag_set/vec4 8;
    %jmp/0xz  T_1.8, 8;
    %load/vec4 v0x5d7ee1a623f0_0;
    %cmpi/e 3, 0, 2;
    %jmp/0xz  T_1.10, 4;
    %pushi/vec4 1, 0, 1;
    %store/vec4 v0x5d7ee1a62840_0, 0, 1;
    %pushi/vec4 4, 0, 3;
    %store/vec4 v0x5d7ee1a62aa0_0, 0, 3;
    %jmp T_1.11;
T_1.10 ;
    %load/vec4 v0x5d7ee1a623f0_0;
    %addi 1, 0, 2;
    %store/vec4 v0x5d7ee1a62900_0, 0, 2;
    %load/vec4 v0x5d7ee1a623f0_0;
    %addi 1, 0, 2;
    %store/vec4 v0x5d7ee1a28c20_0, 0, 2;
    %callf/vec4 TD_tb_link_top.dut.u_master.byte_val, S_0x5d7ee1a44870;
    %store/vec4 v0x5d7ee1a62760_0, 0, 8;
    %pushi/vec4 1, 0, 1;
    %store/vec4 v0x5d7ee1a629e0_0, 0, 1;
    %pushi/vec4 1, 0, 3;
    %store/vec4 v0x5d7ee1a62aa0_0, 0, 3;
T_1.11 ;
T_1.8 ;
    %jmp T_1.5;
T_1.4 ;
    %pushi/vec4 4, 0, 3;
    %store/vec4 v0x5d7ee1a62aa0_0, 0, 3;
    %jmp T_1.5;
T_1.5 ;
    %pop/vec4 1;
    %jmp T_1;
    .thread T_1, $push;
    .scope S_0x5d7ee1a3be80;
T_2 ;
    %wait E_0x5d7ee1a2c1a0;
    %load/vec4 v0x5d7ee1a62c40_0;
    %flag_set/vec4 8;
    %jmp/0xz  T_2.0, 8;
    %pushi/vec4 0, 0, 3;
    %assign/vec4 v0x5d7ee1a62d00_0, 0;
    %pushi/vec4 0, 0, 2;
    %assign/vec4 v0x5d7ee1a623f0_0, 0;
    %pushi/vec4 0, 0, 8;
    %assign/vec4 v0x5d7ee1a62570_0, 0;
    %pushi/vec4 0, 0, 1;
    %assign/vec4 v0x5d7ee1a62b80_0, 0;
    %pushi/vec4 0, 0, 1;
    %assign/vec4 v0x5d7ee1a62650_0, 0;
    %jmp T_2.1;
T_2.0 ;
    %load/vec4 v0x5d7ee1a62aa0_0;
    %assign/vec4 v0x5d7ee1a62d00_0, 0;
    %load/vec4 v0x5d7ee1a62900_0;
    %assign/vec4 v0x5d7ee1a623f0_0, 0;
    %load/vec4 v0x5d7ee1a62760_0;
    %assign/vec4 v0x5d7ee1a62570_0, 0;
    %load/vec4 v0x5d7ee1a629e0_0;
    %assign/vec4 v0x5d7ee1a62b80_0, 0;
    %load/vec4 v0x5d7ee1a62840_0;
    %assign/vec4 v0x5d7ee1a62650_0, 0;
T_2.1 ;
    %jmp T_2;
    .thread T_2;
    .scope S_0x5d7ee1a62ea0;
T_3 ;
    %wait E_0x5d7ee1a2c120;
    %load/vec4 v0x5d7ee1a639c0_0;
    %store/vec4 v0x5d7ee1a636e0_0, 0, 2;
    %load/vec4 v0x5d7ee1a63270_0;
    %store/vec4 v0x5d7ee1a63510_0, 0, 1;
    %load/vec4 v0x5d7ee1a63470_0;
    %store/vec4 v0x5d7ee1a63600_0, 0, 8;
    %load/vec4 v0x5d7ee1a639c0_0;
    %dup/vec4;
    %pushi/vec4 0, 0, 2;
    %cmp/u;
    %jmp/1 T_3.0, 6;
    %dup/vec4;
    %pushi/vec4 1, 0, 2;
    %cmp/u;
    %jmp/1 T_3.1, 6;
    %dup/vec4;
    %pushi/vec4 2, 0, 2;
    %cmp/u;
    %jmp/1 T_3.2, 6;
    %jmp T_3.3;
T_3.0 ;
    %load/vec4 v0x5d7ee1a637c0_0;
    %flag_set/vec4 8;
    %jmp/0xz  T_3.4, 8;
    %load/vec4 v0x5d7ee1a633d0_0;
    %store/vec4 v0x5d7ee1a63600_0, 0, 8;
    %pushi/vec4 1, 0, 1;
    %store/vec4 v0x5d7ee1a63510_0, 0, 1;
    %pushi/vec4 1, 0, 2;
    %store/vec4 v0x5d7ee1a636e0_0, 0, 2;
T_3.4 ;
    %jmp T_3.3;
T_3.1 ;
    %pushi/vec4 2, 0, 2;
    %store/vec4 v0x5d7ee1a636e0_0, 0, 2;
    %jmp T_3.3;
T_3.2 ;
    %pushi/vec4 0, 0, 1;
    %store/vec4 v0x5d7ee1a63510_0, 0, 1;
    %pushi/vec4 0, 0, 2;
    %store/vec4 v0x5d7ee1a636e0_0, 0, 2;
    %jmp T_3.3;
T_3.3 ;
    %pop/vec4 1;
    %jmp T_3;
    .thread T_3, $push;
    .scope S_0x5d7ee1a62ea0;
T_4 ;
    %wait E_0x5d7ee1a2c1a0;
    %load/vec4 v0x5d7ee1a63860_0;
    %flag_set/vec4 8;
    %jmp/0xz  T_4.0, 8;
    %pushi/vec4 0, 0, 2;
    %assign/vec4 v0x5d7ee1a639c0_0, 0;
    %pushi/vec4 0, 0, 1;
    %assign/vec4 v0x5d7ee1a63270_0, 0;
    %pushi/vec4 0, 0, 8;
    %assign/vec4 v0x5d7ee1a63470_0, 0;
    %jmp T_4.1;
T_4.0 ;
    %load/vec4 v0x5d7ee1a636e0_0;
    %assign/vec4 v0x5d7ee1a639c0_0, 0;
    %load/vec4 v0x5d7ee1a63510_0;
    %assign/vec4 v0x5d7ee1a63270_0, 0;
    %load/vec4 v0x5d7ee1a63600_0;
    %assign/vec4 v0x5d7ee1a63470_0, 0;
T_4.1 ;
    %jmp T_4;
    .thread T_4;
    .scope S_0x5d7ee19f8cf0;
T_5 ;
    %pushi/vec4 0, 0, 1;
    %store/vec4 v0x5d7ee1a641d0_0, 0, 1;
    %pushi/vec4 1, 0, 1;
    %store/vec4 v0x5d7ee1a64380_0, 0, 1;
    %end;
    .thread T_5;
    .scope S_0x5d7ee19f8cf0;
T_6 ;
    %delay 5000, 0;
    %load/vec4 v0x5d7ee1a641d0_0;
    %inv;
    %store/vec4 v0x5d7ee1a641d0_0, 0, 1;
    %jmp T_6;
    .thread T_6;
    .scope S_0x5d7ee19f8cf0;
T_7 ;
    %pushi/vec4 3, 0, 32;
T_7.0 %dup/vec4;
    %pushi/vec4 0, 0, 32;
    %cmp/s;
    %jmp/1xz T_7.1, 5;
    %jmp/1 T_7.1, 4;
    %pushi/vec4 1, 0, 32;
    %sub;
    %wait E_0x5d7ee1a2c1a0;
    %jmp T_7.0;
T_7.1 ;
    %pop/vec4 1;
    %pushi/vec4 0, 0, 1;
    %assign/vec4 v0x5d7ee1a64380_0, 0;
    %end;
    .thread T_7;
    .scope S_0x5d7ee19f8cf0;
T_8 ;
    %vpi_call 2 22 "$dumpfile", "dump.vcd" {0 0 0};
    %vpi_call 2 23 "$dumpvars", 32'sb00000000000000000000000000000000, S_0x5d7ee19f8cf0 {0 0 0};
T_8.0 ;
    %load/vec4 v0x5d7ee1a64270_0;
    %cmpi/ne 1, 0, 1;
    %jmp/0xz T_8.1, 6;
    %wait E_0x5d7ee1a2b060;
    %jmp T_8.0;
T_8.1 ;
    %pushi/vec4 5, 0, 32;
T_8.2 %dup/vec4;
    %pushi/vec4 0, 0, 32;
    %cmp/s;
    %jmp/1xz T_8.3, 5;
    %jmp/1 T_8.3, 4;
    %pushi/vec4 1, 0, 32;
    %sub;
    %wait E_0x5d7ee1a2c1a0;
    %jmp T_8.2;
T_8.3 ;
    %pop/vec4 1;
    %vpi_call 2 26 "$finish" {0 0 0};
    %end;
    .thread T_8;
    .scope S_0x5d7ee19f8cf0;
T_9 ;
    %vpi_call 2 31 "$display", " time | req ack data done" {0 0 0};
    %vpi_call 2 32 "$display", "---------------------------" {0 0 0};
    %vpi_call 2 33 "$monitor", "%6t |  %0b   %0b  %02h   %0b", $time, v0x5d7ee1a62b80_0, v0x5d7ee1a63270_0, v0x5d7ee1a62570_0, v0x5d7ee1a64270_0 {0 0 0};
    %end;
    .thread T_9;
# The file index is used to find the file name in the following table.
:file_names 6;
    "N/A";
    "<interactive>";
    "tb_link_top.v";
    "./link_top.v";
    "./master_fsm.v";
    "./slave_fsm.v";
