#! /usr/bin/vvp
:ivl_version "11.0 (stable)";
:ivl_delay_selection "TYPICAL";
:vpi_time_precision + 0;
:vpi_module "/usr/lib/x86_64-linux-gnu/ivl/system.vpi";
:vpi_module "/usr/lib/x86_64-linux-gnu/ivl/vhdl_sys.vpi";
:vpi_module "/usr/lib/x86_64-linux-gnu/ivl/vhdl_textio.vpi";
:vpi_module "/usr/lib/x86_64-linux-gnu/ivl/v2005_math.vpi";
:vpi_module "/usr/lib/x86_64-linux-gnu/ivl/va_math.vpi";
S_0x6187b3ef52b0 .scope module, "mycomparator" "mycomparator" 2 1;
 .timescale 0 0;
    .port_info 0 /INPUT 1 "a";
    .port_info 1 /INPUT 1 "b";
    .port_info 2 /OUTPUT 1 "o1";
    .port_info 3 /OUTPUT 1 "o2";
    .port_info 4 /OUTPUT 1 "o3";
o0x7d59aeb9f0d8 .functor BUFZ 1, C4<z>; HiZ drive
L_0x6187b3f17510 .functor NOT 1, o0x7d59aeb9f0d8, C4<0>, C4<0>, C4<0>;
o0x7d59aeb9f0a8 .functor BUFZ 1, C4<z>; HiZ drive
L_0x6187b3f175d0 .functor AND 1, o0x7d59aeb9f0a8, L_0x6187b3f17510, C4<1>, C4<1>;
L_0x6187b3f176f0 .functor XOR 1, o0x7d59aeb9f0a8, o0x7d59aeb9f0d8, C4<0>, C4<0>;
L_0x6187b3f17800 .functor NOT 1, L_0x6187b3f176f0, C4<0>, C4<0>, C4<0>;
L_0x6187b3f178f0 .functor NOT 1, o0x7d59aeb9f0a8, C4<0>, C4<0>, C4<0>;
L_0x6187b3f17960 .functor AND 1, L_0x6187b3f178f0, o0x7d59aeb9f0d8, C4<1>, C4<1>;
v0x6187b3ef5440_0 .net *"_ivl_0", 0 0, L_0x6187b3f17510;  1 drivers
v0x6187b3f16ec0_0 .net *"_ivl_4", 0 0, L_0x6187b3f176f0;  1 drivers
v0x6187b3f16fa0_0 .net *"_ivl_8", 0 0, L_0x6187b3f178f0;  1 drivers
v0x6187b3f17060_0 .net "a", 0 0, o0x7d59aeb9f0a8;  0 drivers
v0x6187b3f17120_0 .net "b", 0 0, o0x7d59aeb9f0d8;  0 drivers
v0x6187b3f17230_0 .net "o1", 0 0, L_0x6187b3f175d0;  1 drivers
v0x6187b3f172f0_0 .net "o2", 0 0, L_0x6187b3f17800;  1 drivers
v0x6187b3f173b0_0 .net "o3", 0 0, L_0x6187b3f17960;  1 drivers
# The file index is used to find the file name in the following table.
:file_names 3;
    "N/A";
    "<interactive>";
    "mycomparator.v";
